<?xml version="1.0" encoding="UTF-8"?>
<testsuite name="com.bdjr.mercapp.ApplicationTest" tests="1" skipped="0" failures="0" errors="0" timestamp="2026-02-26T13:31:59.770Z" hostname="julian-ThinkPad-L13-Yoga-Gen-2" time="4.442">
  <properties/>
  <testcase name="testRoot" classname="com.bdjr.mercapp.ApplicationTest" time="4.442"/>
  <system-out><![CDATA[2026-02-26 08:32:02.836 [DefaultDispatcher-worker-2] TRACE i.ktor.client.plugins.HttpPlainText - Adding Accept-Charset=UTF-8 to http:///
2026-02-26 08:32:03.323 [DefaultDispatcher-worker-1 @call-context#3] INFO  io.ktor.test - No ktor.deployment.watch patterns specified, automatic reload is not active.
2026-02-26 08:32:03.489 [DefaultDispatcher-worker-1 @call-context#3] INFO  io.ktor.test - Application started in 0.288 seconds.
2026-02-26 08:32:03.493 [DefaultDispatcher-worker-2 @coroutine#5] INFO  io.ktor.test - Responding at http://localhost:80
2026-02-26 08:32:03.496 [DefaultDispatcher-worker-2 @coroutine#5] INFO  io.ktor.test - Responding at https://localhost:443
2026-02-26 08:32:03.719 [DefaultDispatcher-worker-1 @request#3] TRACE io.ktor.server.routing.Routing - Trace for []
/, segment:0 -> SUCCESS @ /
  / [<slash>], segment:0 -> SUCCESS @ / [<slash>]
    / [<slash>, (method:GET)], segment:0 -> SUCCESS @ / [<slash>, (method:GET)]
Matched routes:
  "" -> "<slash>" -> "(method:GET)"
Routing resolve result:
  SUCCESS @ / [<slash>, (method:GET)]
2026-02-26 08:32:03.962 [DefaultDispatcher-worker-5] TRACE io.ktor.client.plugins.SaveBody - Saving body for http://localhost/
2026-02-26 08:32:03.986 [DefaultDispatcher-worker-5] TRACE i.k.client.plugins.HttpCallValidator - Validating response for request http://localhost/
2026-02-26 08:32:03.996 [DefaultDispatcher-worker-5] TRACE i.k.c.p.DefaultResponseValidation - Skipping default response validation for http://localhost/
2026-02-26 08:32:04.067 [DefaultDispatcher-worker-5] TRACE i.k.c.plugins.defaultTransformers - Transformed with default transformers response body for http://localhost/ to class kotlinx.io.Source
]]></system-out>
  <system-err><![CDATA[]]></system-err>
</testsuite>
